<?xml version="1.0" encoding="UTF-8"?>
<!-- Generated by org.testng.reporters.JUnitReportReporter -->
<testsuite skipped="0" hostname="DESKTOP-CQQ66HC" name="TestNG.DisableTCExecutionFromSuite" tests="4" failures="0" timestamp="2020-12-17T19:33:43 IST" time="0.032" errors="0">
  <testcase name="TC3" time="0.016" classname="TestNG.DisableTCExecutionFromSuite"/>
  <system-out>
Running TC3  </system-out>
  <testcase name="TC2" time="0.000" classname="TestNG.DisableTCExecutionFromSuite"/>
  <system-out>
Running TC2  </system-out>
  <testcase name="TC4" time="0.000" classname="TestNG.DisableTCExecutionFromSuite"/>
  <system-out>
Running TC4  </system-out>
  <testcase name="TC1" time="0.016" classname="TestNG.DisableTCExecutionFromSuite"/>
  <system-out>
Running TC1  </system-out>
</testsuite> <!-- TestNG.DisableTCExecutionFromSuite -->
