<?xml version="1.0" encoding="UTF-8"?>
<!-- Generated by org.testng.reporters.JUnitReportReporter -->
<testsuite skipped="0" hostname="DESKTOP-CQQ66HC" name="TestNG.ExecuteFailedTC" tests="2" failures="0" timestamp="2020-12-17T19:33:43 IST" time="0.033" errors="0">
  <testcase name="TC1" time="0.033" classname="TestNG.ExecuteFailedTC"/>
  <system-out>
Running TC1  </system-out>
  <testcase name="TC2" time="0.000" classname="TestNG.ExecuteFailedTC"/>
  <system-out>
Running TC1  </system-out>
</testsuite> <!-- TestNG.ExecuteFailedTC -->
