<?xml version="1.0" encoding="UTF-8"?>
<!-- Generated by org.testng.reporters.JUnitReportReporter -->
<testsuite skipped="0" hostname="DESKTOP-CQQ66HC" name="TestNG.sample" tests="2" failures="0" timestamp="2020-12-17T19:51:36 IST" time="0.016" errors="0">
  <testcase name="TC1" time="0.000" classname="TestNG.sample"/>
  <system-out>
Running TC1  </system-out>
  <testcase name="TC2" time="0.016" classname="TestNG.sample"/>
  <system-out>
Running TC2  </system-out>
</testsuite> <!-- TestNG.sample -->
