<?xml version="1.0" encoding="UTF-8"?>
<!-- Generated by org.testng.reporters.JUnitReportReporter -->
<testsuite skipped="0" hostname="DESKTOP-CQQ66HC" name="TestNG.Anotations" tests="2" failures="0" timestamp="2020-12-14T23:57:20 IST" time="0.071" errors="0">
  <testcase name="TC1" time="0.056" classname="TestNG.Anotations"/>
  <system-out>
running TC1  </system-out>
  <testcase name="TC2" time="0.015" classname="TestNG.Anotations"/>
  <system-out>
running TC2  </system-out>
</testsuite> <!-- TestNG.Anotations -->
