<?xml version="1.0" encoding="UTF-8"?>
<!-- Generated by org.testng.reporters.JUnitReportReporter -->
<testsuite skipped="0" hostname="DESKTOP-CQQ66HC" name="TestNG.Parallel1" tests="1" failures="0" timestamp="2020-12-17T20:09:06 IST" time="49.383" errors="0">
  <testcase name="TC1" time="49.383" classname="TestNG.Parallel1"/>
  <system-out/>
</testsuite> <!-- TestNG.Parallel1 -->
