<?xml version="1.0" encoding="UTF-8"?>
<!-- Generated by org.testng.reporters.JUnitReportReporter -->
<testsuite skipped="0" hostname="DESKTOP-CQQ66HC" name="TestNG.Parallel2" tests="1" failures="0" timestamp="2020-12-17T20:09:06 IST" time="37.042" errors="0">
  <testcase name="TC1" time="37.042" classname="TestNG.Parallel2"/>
  <system-out/>
</testsuite> <!-- TestNG.Parallel2 -->
