<?xml version="1.0" encoding="UTF-8"?>
<!-- Generated by org.testng.reporters.JUnitReportReporter -->
<testsuite skipped="0" hostname="DESKTOP-CQQ66HC" name="TestNG.sample1" tests="2" failures="0" timestamp="2020-12-17T19:51:36 IST" time="0.070" errors="0">
  <testcase name="TC5" time="0.065" classname="TestNG.sample1"/>
  <system-out>
Running TC5  </system-out>
  <testcase name="TC6" time="0.005" classname="TestNG.sample1"/>
  <system-out>
Running TC6  </system-out>
</testsuite> <!-- TestNG.sample1 -->
